\BOOKMARK [1][-]{section.1}{Abstract}{}% 1
\BOOKMARK [1][-]{section.2}{Introduction}{}% 2
\BOOKMARK [1][-]{section.3}{Background: Literature Review}{}% 3
\BOOKMARK [1][-]{section.4}{Methodology}{}% 4
\BOOKMARK [2][-]{subsection.4.1}{Modelling the effect of wind in the model}{section.4}% 5
\BOOKMARK [3][-]{subsubsection.4.1.1}{Modelling the effect of height in the model}{subsection.4.1}% 6
\BOOKMARK [3][-]{subsubsection.4.1.2}{Modelling airdropped water}{subsection.4.1}% 7
\BOOKMARK [2][-]{subsection.4.2}{Calculating transitions}{section.4}% 8
\BOOKMARK [3][-]{subsubsection.4.2.1}{Ignite}{subsection.4.2}% 9
\BOOKMARK [3][-]{subsubsection.4.2.2}{Reduce Fuel}{subsection.4.2}% 10
\BOOKMARK [1][-]{section.5}{Results}{}% 11
\BOOKMARK [2][-]{subsection.5.1}{Effects of Different Initial Fire Locations}{section.5}% 12
\BOOKMARK [2][-]{subsection.5.2}{Wind Direction}{section.5}% 13
\BOOKMARK [2][-]{subsection.5.3}{Best water locations}{section.5}% 14
\BOOKMARK [3][-]{subsubsection.5.3.1}{Choosing locations}{subsection.5.3}% 15
\BOOKMARK [3][-]{subsubsection.5.3.2}{Results}{subsection.5.3}% 16
\BOOKMARK [2][-]{subsection.5.4}{Dense forest locations}{section.5}% 17
\BOOKMARK [1][-]{section.6}{Discussion of model and conclusions}{}% 18
\BOOKMARK [2][-]{subsubsection.6.0.1}{Effects of Fire's Start Location}{section.6}% 19
\BOOKMARK [3][-]{subsubsection.6.0.2}{Effects of Wind}{subsubsection.6.0.1}% 20
\BOOKMARK [3][-]{subsubsection.6.0.3}{Effects of Water Drop Locations}{subsubsection.6.0.1}% 21
\BOOKMARK [3][-]{subsubsection.6.0.4}{Effects of Dense Forest Area}{subsubsection.6.0.1}% 22
\BOOKMARK [3][-]{subsubsection.6.0.5}{Limitations and Possible Improvements of the Model}{subsubsection.6.0.1}% 23
\BOOKMARK [1][-]{section.7}{Conclusion}{}% 24
\BOOKMARK [1][-]{section*.1}{References}{}% 25
